<?xml version="1.0" encoding="UTF-8"?>
<testsuite name="wild.life.tracker.model.EndangeredAnimalTest" tests="5" skipped="0" failures="0" errors="0" timestamp="2024-02-02T08:08:48" hostname="DESKTOP-RG4DLHA" time="0.059">
  <properties/>
  <testcase name="Test for the Endangered animal deleted if false passes the test" classname="wild.life.tracker.model.EndangeredAnimalTest" time="0.039"/>
  <testcase name="Test for the Endangered animal age if it passes the test" classname="wild.life.tracker.model.EndangeredAnimalTest" time="0.002"/>
  <testcase name="Test for the EndangeredAnimalName if it passes the test" classname="wild.life.tracker.model.EndangeredAnimalTest" time="0.001"/>
  <testcase name="Test for the Endangered animal Health if it passes the test" classname="wild.life.tracker.model.EndangeredAnimalTest" time="0.002"/>
  <testcase name="Test for the Endangered_animal_id if it passes the test" classname="wild.life.tracker.model.EndangeredAnimalTest" time="0.002"/>
  <system-out><![CDATA[]]></system-out>
  <system-err><![CDATA[]]></system-err>
</testsuite>
