<?xml version="1.0" encoding="UTF-8"?>
<testsuite name="wild.life.tracker.model.LocationsTest" tests="6" skipped="0" failures="0" errors="0" timestamp="2024-02-02T08:08:48" hostname="DESKTOP-RG4DLHA" time="0.025">
  <properties/>
  <testcase name="Test to check if deleted is false passes the test" classname="wild.life.tracker.model.LocationsTest" time="0.005"/>
  <testcase name="Test to check if location sightings passes the test" classname="wild.life.tracker.model.LocationsTest" time="0.001"/>
  <testcase name="Test to check if zone description passes the test" classname="wild.life.tracker.model.LocationsTest" time="0.002"/>
  <testcase name="Test to check if zone name passes the test" classname="wild.life.tracker.model.LocationsTest" time="0.001"/>
  <testcase name="Test to check if location_id passes the test" classname="wild.life.tracker.model.LocationsTest" time="0.003"/>
  <testcase name="Test to check if zone quadrant passes the test" classname="wild.life.tracker.model.LocationsTest" time="0.002"/>
  <system-out><![CDATA[]]></system-out>
  <system-err><![CDATA[]]></system-err>
</testsuite>
