<?xml version="1.0" encoding="UTF-8"?>
<testsuite name="wild.life.tracker.model.SightingsTest" tests="7" skipped="0" failures="0" errors="0" timestamp="2024-02-02T08:08:48" hostname="DESKTOP-RG4DLHA" time="0.026">
  <properties/>
  <testcase name="Test to check the value of Bolean if it's false" classname="wild.life.tracker.model.SightingsTest" time="0.003"/>
  <testcase name="Test to check the value of animal_category" classname="wild.life.tracker.model.SightingsTest" time="0.003"/>
  <testcase name="Test to check the value of location" classname="wild.life.tracker.model.SightingsTest" time="0.002"/>
  <testcase name="Test to check the value of animal_name" classname="wild.life.tracker.model.SightingsTest" time="0.001"/>
  <testcase name="Test to check the value of Rangers_name" classname="wild.life.tracker.model.SightingsTest" time="0.002"/>
  <testcase name="Test to check the value of Sighting_time" classname="wild.life.tracker.model.SightingsTest" time="0.001"/>
  <testcase name="Test to check the value of sighting_id" classname="wild.life.tracker.model.SightingsTest" time="0.004"/>
  <system-out><![CDATA[]]></system-out>
  <system-err><![CDATA[]]></system-err>
</testsuite>
