<?xml version="1.0" encoding="UTF-8"?>
<testsuite name="wild.life.tracker.model.RegularAnimalTest" tests="5" skipped="0" failures="0" errors="0" timestamp="2024-02-02T08:08:48" hostname="DESKTOP-RG4DLHA" time="0.014">
  <properties/>
  <testcase name="Test to check if when deleted is false passes the test" classname="wild.life.tracker.model.RegularAnimalTest" time="0.003"/>
  <testcase name="Test to check if animal age passes the test" classname="wild.life.tracker.model.RegularAnimalTest" time="0.001"/>
  <testcase name="Test to check if animal_name passes the test" classname="wild.life.tracker.model.RegularAnimalTest" time="0.001"/>
  <testcase name="Test to check if animal health passes the test" classname="wild.life.tracker.model.RegularAnimalTest" time="0.001"/>
  <testcase name="Test to check if animal_id passes the test" classname="wild.life.tracker.model.RegularAnimalTest" time="0.001"/>
  <system-out><![CDATA[]]></system-out>
  <system-err><![CDATA[]]></system-err>
</testsuite>
